{
  "RSpec": {
    "coverage": {
      "/Users/daniellasheva/Desktop/code/projects/BookConnect/spec/support/factory_girl.rb": [
        1,
        1,
        1,
        null
      ],
      "/Users/daniellasheva/Desktop/code/projects/BookConnect/spec/models/book_spec.rb": [
        1,
        1
      ],
      "/Users/daniellasheva/Desktop/code/projects/BookConnect/spec/rails_helper.rb": [
        null,
        1,
        1,
        null,
        1,
        1,
        1,
        1,
        null,
        null,
        null,
        null,
        null,
        null,
        null,
        null,
        null,
        null,
        null,
        null,
        null,
        null,
        null,
        null,
        null,
        null,
        null,
        1,
        null,
        1,
        null,
        1,
        null,
        null,
        null,
        null,
        1,
        null,
        null,
        null,
        null,
        null,
        null,
        null,
        null,
        null,
        null,
        null,
        null,
        null,
        null,
        1,
        null,
        null,
        1,
        null,
        null,
        null
      ],
      "/Users/daniellasheva/Desktop/code/projects/BookConnect/config/environment.rb": [
        null,
        1,
        null,
        null,
        1
      ],
      "/Users/daniellasheva/Desktop/code/projects/BookConnect/config/application.rb": [
        1,
        null,
        1,
        null,
        1,
        1,
        1,
        1,
        1,
        1,
        1,
        1,
        null,
        null,
        null,
        null,
        1,
        null,
        1,
        1,
        null,
        null,
        null,
        null,
        null
      ],
      "/Users/daniellasheva/Desktop/code/projects/BookConnect/config/boot.rb": [
        1,
        null,
        1
      ],
      "/Users/daniellasheva/Desktop/code/projects/BookConnect/config/environments/test.rb": [
        1,
        null,
        null,
        null,
        null,
        null,
        null,
        1,
        null,
        null,
        null,
        null,
        1,
        null,
        null,
        1,
        1,
        null,
        null,
        null,
        null,
        1,
        1,
        null,
        null,
        1,
        null,
        null,
        1,
        1,
        null,
        null,
        null,
        null,
        null,
        null,
        null,
        1,
        null,
        null,
        null,
        null
      ],
      "/Users/daniellasheva/Desktop/code/projects/BookConnect/config/initializers/application_controller_renderer.rb": [
        null,
        null,
        null,
        null,
        null,
        null
      ],
      "/Users/daniellasheva/Desktop/code/projects/BookConnect/config/initializers/assets.rb": [
        null,
        null,
        null,
        1,
        null,
        null,
        null,
        null,
        null,
        null,
        null
      ],
      "/Users/daniellasheva/Desktop/code/projects/BookConnect/config/initializers/backtrace_silencers.rb": [
        null,
        null,
        null,
        null,
        null,
        null,
        null
      ],
      "/Users/daniellasheva/Desktop/code/projects/BookConnect/config/initializers/cookies_serializer.rb": [
        null,
        null,
        null,
        null,
        1
      ],
      "/Users/daniellasheva/Desktop/code/projects/BookConnect/config/initializers/filter_parameter_logging.rb": [
        null,
        null,
        null,
        1
      ],
      "/Users/daniellasheva/Desktop/code/projects/BookConnect/config/initializers/inflections.rb": [
        null,
        null,
        null,
        null,
        null,
        null,
        null,
        null,
        null,
        null,
        null,
        null,
        null,
        null,
        null,
        null
      ],
      "/Users/daniellasheva/Desktop/code/projects/BookConnect/config/initializers/mime_types.rb": [
        null,
        null,
        null,
        null
      ],
      "/Users/daniellasheva/Desktop/code/projects/BookConnect/config/initializers/new_framework_defaults.rb": [
        null,
        null,
        null,
        null,
        null,
        null,
        null,
        1,
        null,
        null,
        1,
        null,
        null,
        null,
        1,
        null,
        null,
        1,
        null,
        null,
        1,
        null,
        null,
        1
      ],
      "/Users/daniellasheva/Desktop/code/projects/BookConnect/config/initializers/session_store.rb": [
        null,
        null,
        1
      ],
      "/Users/daniellasheva/Desktop/code/projects/BookConnect/config/initializers/wrap_parameters.rb": [
        null,
        null,
        null,
        null,
        null,
        null,
        1,
        2,
        null,
        null,
        null,
        null,
        null,
        null
      ],
      "/Users/daniellasheva/Desktop/code/projects/BookConnect/spec/factories/book.rb": [
        1,
        1,
        1,
        1,
        1,
        null,
        null
      ],
      "/Users/daniellasheva/Desktop/code/projects/BookConnect/spec/factories/club.rb": [
        1,
        1,
        null,
        4,
        1,
        2,
        null,
        null,
        1,
        2,
        null,
        null,
        1,
        2,
        null,
        null,
        1,
        1,
        null,
        null,
        null,
        null,
        null,
        null
      ],
      "/Users/daniellasheva/Desktop/code/projects/BookConnect/config/routes.rb": [
        1,
        null,
        1,
        null,
        null,
        1,
        1,
        1,
        1,
        null,
        1,
        1,
        null,
        1,
        null,
        1,
        1,
        1,
        1,
        null,
        1,
        null,
        null
      ],
      "/Users/daniellasheva/Desktop/code/projects/BookConnect/app/helpers/application_helper.rb": [
        1,
        null
      ],
      "/Users/daniellasheva/Desktop/code/projects/BookConnect/app/helpers/books_helper.rb": [
        1,
        null,
        null,
        null,
        null,
        null,
        null,
        null,
        null,
        null,
        null,
        null,
        null,
        null,
        null,
        1,
        0,
        0,
        0,
        null,
        0,
        null,
        null,
        null,
        null
      ],
      "/Users/daniellasheva/Desktop/code/projects/BookConnect/app/helpers/clubs_helper.rb": [
        1,
        null
      ],
      "/Users/daniellasheva/Desktop/code/projects/BookConnect/app/helpers/messages_helper.rb": [
        1,
        null
      ],
      "/Users/daniellasheva/Desktop/code/projects/BookConnect/app/helpers/sessions_helper.rb": [
        1,
        null
      ],
      "/Users/daniellasheva/Desktop/code/projects/BookConnect/app/helpers/users_helper.rb": [
        1,
        null
      ],
      "/Users/daniellasheva/Desktop/code/projects/BookConnect/app/helpers/welcome_helper.rb": [
        1,
        null
      ],
      "/Users/daniellasheva/Desktop/code/projects/BookConnect/spec/models/club_spec.rb": [
        1,
        null,
        null,
        1,
        null,
        1,
        2,
        2,
        1,
        2,
        null,
        1,
        1,
        null,
        null,
        1,
        1,
        null,
        null,
        1,
        1,
        null,
        null,
        null,
        1,
        null,
        1,
        1,
        1,
        null,
        null,
        1,
        1,
        1,
        null,
        null,
        1,
        1,
        1,
        null,
        null,
        null,
        null,
        null,
        null
      ],
      "/Users/daniellasheva/Desktop/code/projects/BookConnect/app/models/club.rb": [
        1,
        null,
        1,
        1,
        1,
        1,
        1,
        null,
        null,
        null,
        1,
        null,
        null,
        null,
        null,
        null,
        null,
        null,
        null,
        1,
        1,
        null,
        null,
        1,
        1,
        null,
        null,
        1,
        1,
        null,
        null,
        1,
        0,
        null,
        null,
        1,
        0,
        0,
        0,
        0,
        0,
        0,
        0,
        0,
        0,
        0,
        0,
        0,
        0,
        null,
        null,
        null,
        null,
        1,
        3,
        3,
        3,
        1,
        1,
        null,
        1,
        1,
        1,
        1,
        1,
        null,
        null,
        null,
        null,
        null
      ],
      "/Users/daniellasheva/Desktop/code/projects/BookConnect/app/models/application_record.rb": [
        1,
        1,
        null
      ]
    },
    "timestamp": 1473946813
  }
}
